c:\users\olto22\onedrive - bth student\documents\program3d\3d_repository-liotb0-static-render\3dproject\x64\debug\vc143.pdb
c:\users\olto22\onedrive - bth student\documents\program3d\3d_repository-liotb0-static-render\3dproject\x64\debug\vc143.idb
c:\users\olto22\onedrive - bth student\documents\program3d\3d_repository-liotb0-static-render\3dproject\x64\debug\window.obj
c:\users\olto22\onedrive - bth student\documents\program3d\3d_repository-liotb0-static-render\3dproject\x64\debug\vertexbufferd3d11.obj
c:\users\olto22\onedrive - bth student\documents\program3d\3d_repository-liotb0-static-render\3dproject\x64\debug\submeshd3d11.obj
c:\users\olto22\onedrive - bth student\documents\program3d\3d_repository-liotb0-static-render\3dproject\x64\debug\shaderresourcetextured3d11.obj
c:\users\olto22\onedrive - bth student\documents\program3d\3d_repository-liotb0-static-render\3dproject\x64\debug\shaderloader.obj
c:\users\olto22\onedrive - bth student\documents\program3d\3d_repository-liotb0-static-render\3dproject\x64\debug\shaderd3d11.obj
c:\users\olto22\onedrive - bth student\documents\program3d\3d_repository-liotb0-static-render\3dproject\x64\debug\samplerd3d11.obj
c:\users\olto22\onedrive - bth student\documents\program3d\3d_repository-liotb0-static-render\3dproject\x64\debug\rendertargetd3d11.obj
c:\users\olto22\onedrive - bth student\documents\program3d\3d_repository-liotb0-static-render\3dproject\x64\debug\parser.obj
c:\users\olto22\onedrive - bth student\documents\program3d\3d_repository-liotb0-static-render\3dproject\x64\debug\meshd3d11.obj
c:\users\olto22\onedrive - bth student\documents\program3d\3d_repository-liotb0-static-render\3dproject\x64\debug\main.obj
c:\users\olto22\onedrive - bth student\documents\program3d\3d_repository-liotb0-static-render\3dproject\x64\debug\inputlayoutd3d11.obj
c:\users\olto22\onedrive - bth student\documents\program3d\3d_repository-liotb0-static-render\3dproject\x64\debug\indexbufferd3d11.obj
c:\users\olto22\onedrive - bth student\documents\program3d\3d_repository-liotb0-static-render\3dproject\x64\debug\d3d11helper.obj
c:\users\olto22\onedrive - bth student\documents\program3d\3d_repository-liotb0-static-render\3dproject\x64\debug\constantbufferd3d11.obj
c:\users\olto22\onedrive - bth student\documents\program3d\3d_repository-liotb0-static-render\3dproject\pixelshader.cso
c:\users\olto22\onedrive - bth student\documents\program3d\3d_repository-liotb0-static-render\3dproject\vertexshader.cso
c:\users\olto22\onedrive - bth student\documents\program3d\3d_repository-liotb0-static-render\3dproject\x64\debug\3dproject.tlog\cl.command.1.tlog
c:\users\olto22\onedrive - bth student\documents\program3d\3d_repository-liotb0-static-render\3dproject\x64\debug\3dproject.tlog\cl.read.1.tlog
c:\users\olto22\onedrive - bth student\documents\program3d\3d_repository-liotb0-static-render\3dproject\x64\debug\3dproject.tlog\cl.write.1.tlog
c:\users\olto22\onedrive - bth student\documents\program3d\3d_repository-liotb0-static-render\3dproject\x64\debug\3dproject.tlog\fxc.command.1.tlog
c:\users\olto22\onedrive - bth student\documents\program3d\3d_repository-liotb0-static-render\3dproject\x64\debug\3dproject.tlog\fxc.read.1.tlog
c:\users\olto22\onedrive - bth student\documents\program3d\3d_repository-liotb0-static-render\3dproject\x64\debug\3dproject.tlog\fxc.write.1.tlog
